app/build/intermediates/manifest_merge_blame_file/debug/processDebugMainManifest/manifest-merger-blame-debug-report.txt
1<?xml version="1.0" encoding="utf-8"?>
2<manifest xmlns:android="http://schemas.android.com/apk/res/android"
3    package="com.mrfolium.willowicons"
4    android:installLocation="auto"
5    android:versionCode="20"
6    android:versionName="2.0" >
7
8    <uses-sdk
8-->INJECTED
9        android:minSdkVersion="21"
9-->INJECTED
10        android:targetSdkVersion="36" />
10-->INJECTED
11
12    <supports-screens
12-->src/main/AndroidManifest.xml:6:5-10:40
13        android:largeScreens="true"
13-->src/main/AndroidManifest.xml:9:9-36
14        android:normalScreens="true"
14-->src/main/AndroidManifest.xml:8:9-37
15        android:smallScreens="true"
15-->src/main/AndroidManifest.xml:7:9-36
16        android:xlargeScreens="true" />
16-->src/main/AndroidManifest.xml:10:9-37
17
18    <uses-permission android:name="android.permission.ACCESS_WIFI_STATE" />
18-->[com.github.zixpo.candybar:library:3.23.0] AndroidManifest.xml:27:5-76
18-->[com.github.zixpo.candybar:library:3.23.0] AndroidManifest.xml:27:22-73
19    <uses-permission android:name="android.permission.ACCESS_NETWORK_STATE" />
19-->[com.github.zixpo.candybar:library:3.23.0] AndroidManifest.xml:28:5-79
19-->[com.github.zixpo.candybar:library:3.23.0] AndroidManifest.xml:28:22-76
20    <uses-permission android:name="android.permission.INTERNET" />
20-->[com.github.zixpo.candybar:library:3.23.0] AndroidManifest.xml:29:5-67
20-->[com.github.zixpo.candybar:library:3.23.0] AndroidManifest.xml:29:22-64
21    <uses-permission android:name="android.permission.WAKE_LOCK" />
21-->[com.github.zixpo.candybar:library:3.23.0] AndroidManifest.xml:30:5-68
21-->[com.github.zixpo.candybar:library:3.23.0] AndroidManifest.xml:30:22-65
22    <uses-permission android:name="android.permission.SET_WALLPAPER" />
22-->[com.github.zixpo.candybar:library:3.23.0] AndroidManifest.xml:31:5-72
22-->[com.github.zixpo.candybar:library:3.23.0] AndroidManifest.xml:31:22-69
23    <uses-permission android:name="com.android.alarm.permission.SET_ALARM" />
23-->[com.github.zixpo.candybar:library:3.23.0] AndroidManifest.xml:32:5-78
23-->[com.github.zixpo.candybar:library:3.23.0] AndroidManifest.xml:32:22-75
24    <uses-permission
24-->[com.github.zixpo.candybar:library:3.23.0] AndroidManifest.xml:33:5-36:40
25        android:name="android.permission.WRITE_EXTERNAL_STORAGE"
25-->[com.github.zixpo.candybar:library:3.23.0] AndroidManifest.xml:34:9-65
26        android:maxSdkVersion="28" />
26-->[com.github.zixpo.candybar:library:3.23.0] AndroidManifest.xml:35:9-35
27    <uses-permission
27-->[com.github.zixpo.candybar:library:3.23.0] AndroidManifest.xml:37:5-39:38
28        android:name="android.permission.READ_EXTERNAL_STORAGE"
28-->[com.github.zixpo.candybar:library:3.23.0] AndroidManifest.xml:38:9-64
29        android:maxSdkVersion="32" />
29-->[com.github.zixpo.candybar:library:3.23.0] AndroidManifest.xml:39:9-35
30    <uses-permission android:name="android.permission.WRITE_SETTINGS" />
30-->[com.github.zixpo.candybar:library:3.23.0] AndroidManifest.xml:40:5-42:47
30-->[com.github.zixpo.candybar:library:3.23.0] AndroidManifest.xml:41:9-57
31
32    <queries>
32-->[com.github.zixpo.candybar:library:3.23.0] AndroidManifest.xml:44:5-58:15
33        <intent>
33-->[com.github.zixpo.candybar:library:3.23.0] AndroidManifest.xml:45:9-49:18
34            <action android:name="android.intent.action.MAIN" />
34-->src/main/AndroidManifest.xml:34:17-69
34-->src/main/AndroidManifest.xml:34:25-66
35
36            <category android:name="android.intent.category.LAUNCHER" />
36-->src/main/AndroidManifest.xml:35:17-77
36-->src/main/AndroidManifest.xml:35:27-74
37        </intent>
38        <intent>
38-->[com.github.zixpo.candybar:library:3.23.0] AndroidManifest.xml:50:9-54:18
39            <action android:name="android.intent.action.MAIN" />
39-->src/main/AndroidManifest.xml:34:17-69
39-->src/main/AndroidManifest.xml:34:25-66
40
41            <category android:name="android.intent.category.HOME" />
41-->[com.github.zixpo.candybar:library:3.23.0] AndroidManifest.xml:53:13-69
41-->[com.github.zixpo.candybar:library:3.23.0] AndroidManifest.xml:53:23-66
42        </intent>
43
44        <package android:name="com.android.bluetooth" />
44-->[com.github.zixpo.candybar:library:3.23.0] AndroidManifest.xml:56:9-57
44-->[com.github.zixpo.candybar:library:3.23.0] AndroidManifest.xml:56:18-54
45        <package android:name="com.android.cellbroadcastreceiver" />
45-->[com.github.zixpo.candybar:library:3.23.0] AndroidManifest.xml:57:9-69
45-->[com.github.zixpo.candybar:library:3.23.0] AndroidManifest.xml:57:18-66
46        <!-- Used to query the Muzei ContentProvider -->
47        <package android:name="net.nurik.roman.muzei" />
47-->[com.google.android.apps.muzei:muzei-api:3.4.2] AndroidManifest.xml:25:9-57
47-->[com.google.android.apps.muzei:muzei-api:3.4.2] AndroidManifest.xml:25:18-54
48
49        <intent>
49-->[com.android.billingclient:billing:8.0.0] AndroidManifest.xml:13:9-15:18
50            <action android:name="com.android.vending.billing.InAppBillingService.BIND" />
50-->[com.android.billingclient:billing:8.0.0] AndroidManifest.xml:14:13-91
50-->[com.android.billingclient:billing:8.0.0] AndroidManifest.xml:14:21-88
51        </intent>
52        <intent>
52-->[com.android.billingclient:billing:8.0.0] AndroidManifest.xml:16:9-18:18
53            <action android:name="com.google.android.apps.play.billingtestcompanion.BillingOverrideService.BIND" />
53-->[com.android.billingclient:billing:8.0.0] AndroidManifest.xml:17:13-116
53-->[com.android.billingclient:billing:8.0.0] AndroidManifest.xml:17:21-113
54        </intent>
55    </queries>
56
57    <uses-permission android:name="android.permission.RECEIVE_BOOT_COMPLETED" />
57-->[androidx.work:work-runtime:2.10.5] AndroidManifest.xml:25:5-81
57-->[androidx.work:work-runtime:2.10.5] AndroidManifest.xml:25:22-78
58    <uses-permission android:name="android.permission.FOREGROUND_SERVICE" /> <!-- Required permission to check licensing. -->
58-->[androidx.work:work-runtime:2.10.5] AndroidManifest.xml:26:5-77
58-->[androidx.work:work-runtime:2.10.5] AndroidManifest.xml:26:22-74
59    <uses-permission android:name="com.android.vending.CHECK_LICENSE" />
59-->[com.github.danimahardhika.android-helpers:license:0.1.0] AndroidManifest.xml:12:5-73
59-->[com.github.danimahardhika.android-helpers:license:0.1.0] AndroidManifest.xml:12:22-70
60    <uses-permission android:name="com.android.vending.BILLING" />
60-->[com.android.billingclient:billing:8.0.0] AndroidManifest.xml:10:5-67
60-->[com.android.billingclient:billing:8.0.0] AndroidManifest.xml:10:22-64
61
62    <permission
62-->[androidx.core:core:1.13.0] AndroidManifest.xml:22:5-24:47
63        android:name="com.mrfolium.willowicons.DYNAMIC_RECEIVER_NOT_EXPORTED_PERMISSION"
63-->[androidx.core:core:1.13.0] AndroidManifest.xml:23:9-81
64        android:protectionLevel="signature" />
64-->[androidx.core:core:1.13.0] AndroidManifest.xml:24:9-44
65
66    <uses-permission android:name="com.mrfolium.willowicons.DYNAMIC_RECEIVER_NOT_EXPORTED_PERMISSION" />
66-->[androidx.core:core:1.13.0] AndroidManifest.xml:26:5-97
66-->[androidx.core:core:1.13.0] AndroidManifest.xml:26:22-94
67
68    <application
68-->src/main/AndroidManifest.xml:12:5-183:19
69        android:name="com.mrfolium.willowicons.applications.CandyBar"
69-->src/main/AndroidManifest.xml:14:9-46
70        android:allowBackup="true"
70-->src/main/AndroidManifest.xml:15:9-35
71        android:appComponentFactory="androidx.core.app.CoreComponentFactory"
71-->[androidx.core:core:1.13.0] AndroidManifest.xml:28:18-86
72        android:debuggable="true"
73        android:enableOnBackInvokedCallback="true"
73-->src/main/AndroidManifest.xml:21:9-51
74        android:extractNativeLibs="true"
74-->INJECTED
75        android:icon="@mipmap/ic_launcher"
75-->src/main/AndroidManifest.xml:16:9-43
76        android:label="@string/app_name"
76-->src/main/AndroidManifest.xml:18:9-41
77        android:networkSecurityConfig="@xml/network_config"
77-->src/main/AndroidManifest.xml:17:9-60
78        android:supportsRtl="true"
78-->src/main/AndroidManifest.xml:19:9-35
79        android:theme="@style/Theme.App.Starting" >
79-->src/main/AndroidManifest.xml:20:9-50
80        <activity
80-->src/main/AndroidManifest.xml:24:9-156:20
81            android:name="com.mrfolium.willowicons.activities.MainActivity"
81-->src/main/AndroidManifest.xml:25:13-52
82            android:configChanges="uiMode|orientation|keyboardHidden|screenSize"
82-->src/main/AndroidManifest.xml:28:13-81
83            android:exported="true"
83-->src/main/AndroidManifest.xml:29:13-36
84            android:launchMode="singleTop"
84-->src/main/AndroidManifest.xml:26:13-43
85            android:theme="@style/Theme.App.Starting" >
85-->src/main/AndroidManifest.xml:27:13-54
86            <meta-data
86-->src/main/AndroidManifest.xml:30:13-32:53
87                android:name="android.app.shortcuts"
87-->src/main/AndroidManifest.xml:31:17-53
88                android:resource="@xml/shortcuts" />
88-->src/main/AndroidManifest.xml:32:17-50
89
90            <intent-filter>
90-->src/main/AndroidManifest.xml:33:13-36:29
91                <action android:name="android.intent.action.MAIN" />
91-->src/main/AndroidManifest.xml:34:17-69
91-->src/main/AndroidManifest.xml:34:25-66
92
93                <category android:name="android.intent.category.LAUNCHER" />
93-->src/main/AndroidManifest.xml:35:17-77
93-->src/main/AndroidManifest.xml:35:27-74
94            </intent-filter>
95            <intent-filter>
95-->src/main/AndroidManifest.xml:37:13-41:29
96                <action android:name="android.intent.action.VIEW" />
96-->src/main/AndroidManifest.xml:38:17-69
96-->src/main/AndroidManifest.xml:38:25-66
97
98                <category android:name="android.intent.category.DEFAULT" />
98-->src/main/AndroidManifest.xml:39:17-76
98-->src/main/AndroidManifest.xml:39:27-73
99                <category android:name="android.intent.category.BROWSABLE" />
99-->src/main/AndroidManifest.xml:40:17-78
99-->src/main/AndroidManifest.xml:40:27-75
100            </intent-filter>
101            <intent-filter>
101-->src/main/AndroidManifest.xml:42:13-47:29
102                <action android:name="android.intent.action.GET_CONTENT" />
102-->src/main/AndroidManifest.xml:43:17-76
102-->src/main/AndroidManifest.xml:43:25-73
103
104                <category android:name="android.intent.category.DEFAULT" />
104-->src/main/AndroidManifest.xml:39:17-76
104-->src/main/AndroidManifest.xml:39:27-73
105                <category android:name="android.intent.category.OPENABLE" />
105-->src/main/AndroidManifest.xml:45:17-77
105-->src/main/AndroidManifest.xml:45:27-74
106
107                <data android:mimeType="image/*" />
107-->src/main/AndroidManifest.xml:46:17-52
107-->src/main/AndroidManifest.xml:46:23-49
108            </intent-filter>
109            <intent-filter>
109-->src/main/AndroidManifest.xml:48:13-51:29
110                <action android:name="android.intent.action.SET_WALLPAPER" />
110-->src/main/AndroidManifest.xml:49:17-78
110-->src/main/AndroidManifest.xml:49:25-75
111
112                <category android:name="android.intent.category.DEFAULT" />
112-->src/main/AndroidManifest.xml:39:17-76
112-->src/main/AndroidManifest.xml:39:27-73
113            </intent-filter>
114            <intent-filter>
114-->src/main/AndroidManifest.xml:52:13-56:29
115                <action android:name="android.intent.action.PICK" />
115-->src/main/AndroidManifest.xml:53:17-69
115-->src/main/AndroidManifest.xml:53:25-66
116
117                <category android:name="android.intent.category.DEFAULT" />
117-->src/main/AndroidManifest.xml:39:17-76
117-->src/main/AndroidManifest.xml:39:27-73
118
119                <data android:mimeType="image/*" />
119-->src/main/AndroidManifest.xml:46:17-52
119-->src/main/AndroidManifest.xml:46:23-49
120            </intent-filter>
121            <intent-filter>
121-->src/main/AndroidManifest.xml:57:13-61:29
122                <action android:name="android.intent.action.PICK" />
122-->src/main/AndroidManifest.xml:53:17-69
122-->src/main/AndroidManifest.xml:53:25-66
123
124                <category android:name="android.intent.category.DEFAULT" />
124-->src/main/AndroidManifest.xml:39:17-76
124-->src/main/AndroidManifest.xml:39:27-73
125                <category android:name="android.intent.category.OPENABLE" />
125-->src/main/AndroidManifest.xml:45:17-77
125-->src/main/AndroidManifest.xml:45:27-74
126            </intent-filter>
127            <!-- ADW Launcher -->
128            <intent-filter>
128-->src/main/AndroidManifest.xml:63:13-66:29
129                <action android:name="org.adw.launcher.THEMES" />
129-->src/main/AndroidManifest.xml:64:17-66
129-->src/main/AndroidManifest.xml:64:25-63
130
131                <category android:name="android.intent.category.DEFAULT" />
131-->src/main/AndroidManifest.xml:39:17-76
131-->src/main/AndroidManifest.xml:39:27-73
132            </intent-filter>
133            <!-- ADW Launcher Custom Icon Picker -->
134            <intent-filter>
134-->src/main/AndroidManifest.xml:68:13-71:29
135                <action android:name="org.adw.launcher.icons.ACTION_PICK_ICON" />
135-->src/main/AndroidManifest.xml:69:17-82
135-->src/main/AndroidManifest.xml:69:25-79
136
137                <category android:name="android.intent.category.DEFAULT" />
137-->src/main/AndroidManifest.xml:39:17-76
137-->src/main/AndroidManifest.xml:39:27-73
138            </intent-filter>
139            <!-- Apex Launcher -->
140            <intent-filter>
140-->src/main/AndroidManifest.xml:73:13-76:29
141                <action android:name="android.intent.action.MAIN" />
141-->src/main/AndroidManifest.xml:34:17-69
141-->src/main/AndroidManifest.xml:34:25-66
142
143                <category android:name="com.anddoes.launcher.THEME" />
143-->src/main/AndroidManifest.xml:75:17-71
143-->src/main/AndroidManifest.xml:75:27-68
144            </intent-filter>
145            <!-- GO Launcher -->
146            <intent-filter>
146-->src/main/AndroidManifest.xml:78:13-82:29
147                <action android:name="android.intent.action.MAIN" />
147-->src/main/AndroidManifest.xml:34:17-69
147-->src/main/AndroidManifest.xml:34:25-66
148                <action android:name="com.gau.go.launcherex.theme" />
148-->src/main/AndroidManifest.xml:80:17-70
148-->src/main/AndroidManifest.xml:80:25-67
149
150                <category android:name="android.intent.category.DEFAULT" />
150-->src/main/AndroidManifest.xml:39:17-76
150-->src/main/AndroidManifest.xml:39:27-73
151            </intent-filter>
152            <!-- Atom Launcher -->
153            <intent-filter>
153-->src/main/AndroidManifest.xml:84:13-86:29
154                <action android:name="com.dlto.atom.launcher.THEME" />
154-->src/main/AndroidManifest.xml:85:17-71
154-->src/main/AndroidManifest.xml:85:25-68
155            </intent-filter>
156            <!-- Turbo Launcher -->
157            <intent-filter>
157-->src/main/AndroidManifest.xml:88:13-91:29
158                <action android:name="com.phonemetra.turbo.launcher.icons.ACTION_PICK_ICON" />
158-->src/main/AndroidManifest.xml:89:17-95
158-->src/main/AndroidManifest.xml:89:25-92
159
160                <category android:name="android.intent.category.DEFAULT" />
160-->src/main/AndroidManifest.xml:39:17-76
160-->src/main/AndroidManifest.xml:39:27-73
161            </intent-filter>
162            <!-- Nine Launcher -->
163            <intent-filter>
163-->src/main/AndroidManifest.xml:93:13-96:29
164                <action android:name="com.gridappsinc.launcher.theme.apk_action" />
164-->src/main/AndroidManifest.xml:94:17-84
164-->src/main/AndroidManifest.xml:94:25-81
165
166                <category android:name="android.intent.category.DEFAULT" />
166-->src/main/AndroidManifest.xml:39:17-76
166-->src/main/AndroidManifest.xml:39:27-73
167            </intent-filter>
168            <!-- Lawnchair -->
169            <intent-filter>
169-->src/main/AndroidManifest.xml:98:13-101:29
170                <action android:name="ch.deletescape.lawnchair.ICONPACK" />
170-->src/main/AndroidManifest.xml:99:17-76
170-->src/main/AndroidManifest.xml:99:25-73
171
172                <category android:name="ch.deletescape.lawnchair.PICK_ICON" />
172-->src/main/AndroidManifest.xml:100:17-79
172-->src/main/AndroidManifest.xml:100:27-76
173            </intent-filter>
174            <!-- Nova Launcher -->
175            <intent-filter>
175-->src/main/AndroidManifest.xml:103:13-106:29
176                <action android:name="com.novalauncher.THEME" />
176-->src/main/AndroidManifest.xml:104:17-65
176-->src/main/AndroidManifest.xml:104:25-62
177
178                <category android:name="com.novalauncher.category.CUSTOM_ICON_PICKER" />
178-->src/main/AndroidManifest.xml:105:17-89
178-->src/main/AndroidManifest.xml:105:27-86
179            </intent-filter>
180            <!-- Solo Launcher -->
181            <intent-filter>
181-->src/main/AndroidManifest.xml:108:13-112:29
182                <action android:name="android.intent.action.MAIN" />
182-->src/main/AndroidManifest.xml:34:17-69
182-->src/main/AndroidManifest.xml:34:25-66
183                <action android:name="home.solo.launcher.free.THEMES" />
183-->src/main/AndroidManifest.xml:110:17-73
183-->src/main/AndroidManifest.xml:110:25-70
184                <action android:name="home.solo.launcher.free.ACTION_ICON" />
184-->src/main/AndroidManifest.xml:111:17-78
184-->src/main/AndroidManifest.xml:111:25-75
185            </intent-filter>
186            <!-- LG Home -->
187            <intent-filter>
187-->src/main/AndroidManifest.xml:114:13-118:29
188                <action android:name="android.intent.action.MAIN" />
188-->src/main/AndroidManifest.xml:34:17-69
188-->src/main/AndroidManifest.xml:34:25-66
189                <action android:name="com.lge.launcher2.THEME" />
189-->src/main/AndroidManifest.xml:116:17-66
189-->src/main/AndroidManifest.xml:116:25-63
190
191                <category android:name="android.intent.category.DEFAULT" />
191-->src/main/AndroidManifest.xml:39:17-76
191-->src/main/AndroidManifest.xml:39:27-73
192            </intent-filter>
193            <!-- OnePlus Launcher -->
194            <intent-filter>
194-->src/main/AndroidManifest.xml:120:13-123:29
195                <action android:name="net.oneplus.launcher.icons.ACTION_PICK_ICON" />
195-->src/main/AndroidManifest.xml:121:17-86
195-->src/main/AndroidManifest.xml:121:25-83
196
197                <category android:name="android.intent.category.DEFAULT" />
197-->src/main/AndroidManifest.xml:39:17-76
197-->src/main/AndroidManifest.xml:39:27-73
198            </intent-filter>
199            <!-- TSF Shell -->
200            <intent-filter>
200-->src/main/AndroidManifest.xml:125:13-128:29
201                <action android:name="com.tsf.shell.themes" />
201-->src/main/AndroidManifest.xml:126:17-63
201-->src/main/AndroidManifest.xml:126:25-60
202
203                <category android:name="android.intent.category.DEFAULT" />
203-->src/main/AndroidManifest.xml:39:17-76
203-->src/main/AndroidManifest.xml:39:27-73
204            </intent-filter>
205            <!-- Smart Launcher -->
206            <intent-filter>
206-->src/main/AndroidManifest.xml:130:13-133:29
207                <action android:name="ginlemon.smartlauncher.THEMES" />
207-->src/main/AndroidManifest.xml:131:17-72
207-->src/main/AndroidManifest.xml:131:25-69
208
209                <category android:name="android.intent.category.DEFAULT" />
209-->src/main/AndroidManifest.xml:39:17-76
209-->src/main/AndroidManifest.xml:39:27-73
210            </intent-filter>
211            <!-- Sony Launcher -->
212            <intent-filter>
212-->src/main/AndroidManifest.xml:135:13-138:29
213                <action android:name="com.sonymobile.home.ICON_PACK" />
213-->src/main/AndroidManifest.xml:136:17-72
213-->src/main/AndroidManifest.xml:136:25-69
214
215                <category android:name="android.intent.category.DEFAULT" />
215-->src/main/AndroidManifest.xml:39:17-76
215-->src/main/AndroidManifest.xml:39:27-73
216            </intent-filter>
217            <!-- GO Launcher & Zero Launcher -->
218            <intent-filter>
218-->src/main/AndroidManifest.xml:140:13-144:29
219                <action android:name="com.gau.go.launcherex.theme" />
219-->src/main/AndroidManifest.xml:80:17-70
219-->src/main/AndroidManifest.xml:80:25-67
220                <action android:name="com.zeroteam.zerolauncher.theme" />
220-->src/main/AndroidManifest.xml:142:17-74
220-->src/main/AndroidManifest.xml:142:25-71
221                <action android:name="android.intent.action.MAIN" />
221-->src/main/AndroidManifest.xml:34:17-69
221-->src/main/AndroidManifest.xml:34:25-66
222            </intent-filter>
223            <!-- +HOME Icon Picker -->
224            <intent-filter>
224-->src/main/AndroidManifest.xml:146:13-149:29
225                <action android:name="jp.co.a_tm.android.launcher.icons.ACTION_PICK_ICON" />
225-->src/main/AndroidManifest.xml:147:17-93
225-->src/main/AndroidManifest.xml:147:25-90
226
227                <category android:name="android.intent.category.DEFAULT" />
227-->src/main/AndroidManifest.xml:39:17-76
227-->src/main/AndroidManifest.xml:39:27-73
228            </intent-filter>
229            <!-- V Launcher -->
230            <intent-filter>
230-->src/main/AndroidManifest.xml:151:13-155:29
231                <action android:name="android.intent.action.MAIN" />
231-->src/main/AndroidManifest.xml:34:17-69
231-->src/main/AndroidManifest.xml:34:25-66
232                <action android:name="com.vivid.launcher.theme" />
232-->src/main/AndroidManifest.xml:153:17-67
232-->src/main/AndroidManifest.xml:153:25-64
233
234                <category android:name="android.intent.category.DEFAULT" />
234-->src/main/AndroidManifest.xml:39:17-76
234-->src/main/AndroidManifest.xml:39:27-73
235            </intent-filter>
236        </activity>
237
238        <provider
238-->INJECTED
239            android:name="com.mrfolium.willowicons.services.MuzeiService"
239-->src/main/AndroidManifest.xml:159:13-50
240            android:authorities="com.mrfolium.willowicons.ArtProvider"
240-->INJECTED
241            android:description="@string/muzei_art_source_desc"
241-->src/main/AndroidManifest.xml:162:13-64
242            android:exported="true"
242-->src/main/AndroidManifest.xml:163:13-36
243            android:label="@string/muzei_art_source_name"
243-->src/main/AndroidManifest.xml:161:13-58
244            android:permission="com.google.android.apps.muzei.api.ACCESS_PROVIDER" >
244-->src/main/AndroidManifest.xml:164:13-83
245            <intent-filter>
245-->src/main/AndroidManifest.xml:165:13-167:29
246                <action android:name="com.google.android.apps.muzei.api.MuzeiArtProvider" />
246-->src/main/AndroidManifest.xml:166:17-93
246-->src/main/AndroidManifest.xml:166:25-90
247            </intent-filter>
248
249            <meta-data
249-->src/main/AndroidManifest.xml:168:13-170:54
250                android:name="color"
250-->src/main/AndroidManifest.xml:169:17-37
251                android:value="@color/muzei_color" />
251-->src/main/AndroidManifest.xml:170:17-51
252        </provider>
253        <provider
253-->INJECTED
254            android:name="androidx.core.content.FileProvider"
254-->src/main/AndroidManifest.xml:174:13-62
255            android:authorities="com.mrfolium.willowicons.fileProvider"
255-->INJECTED
256            android:exported="false"
256-->src/main/AndroidManifest.xml:176:13-37
257            android:grantUriPermissions="true" >
257-->src/main/AndroidManifest.xml:177:13-47
258            <meta-data
258-->src/main/AndroidManifest.xml:178:13-180:63
259                android:name="android.support.FILE_PROVIDER_PATHS"
259-->src/main/AndroidManifest.xml:179:17-67
260                android:resource="@xml/file_provider_paths" />
260-->src/main/AndroidManifest.xml:180:17-60
261        </provider>
262
263        <meta-data
263-->[com.github.zixpo.candybar:library:3.23.0] AndroidManifest.xml:61:9-63:35
264            android:name="android.max_aspect"
264-->[com.github.zixpo.candybar:library:3.23.0] AndroidManifest.xml:62:13-46
265            android:value="2.1" />
265-->[com.github.zixpo.candybar:library:3.23.0] AndroidManifest.xml:63:13-32
266
267        <activity
267-->[com.github.zixpo.candybar:library:3.23.0] AndroidManifest.xml:65:9-69:76
268            android:name="candybar.lib.activities.CandyBarCrashReport"
268-->[com.github.zixpo.candybar:library:3.23.0] AndroidManifest.xml:66:13-71
269            android:launchMode="singleInstance"
269-->[com.github.zixpo.candybar:library:3.23.0] AndroidManifest.xml:67:13-48
270            android:noHistory="true"
270-->[com.github.zixpo.candybar:library:3.23.0] AndroidManifest.xml:68:13-37
271            android:theme="@style/Theme.MaterialComponents.Light.Dialog" />
271-->[com.github.zixpo.candybar:library:3.23.0] AndroidManifest.xml:69:13-73
272        <activity
272-->[com.github.zixpo.candybar:library:3.23.0] AndroidManifest.xml:70:9-74:63
273            android:name="candybar.lib.activities.CandyBarWallpaperActivity"
273-->[com.github.zixpo.candybar:library:3.23.0] AndroidManifest.xml:71:13-77
274            android:configChanges="uiMode|orientation|keyboardHidden|screenSize"
274-->[com.github.zixpo.candybar:library:3.23.0] AndroidManifest.xml:72:13-81
275            android:launchMode="singleTop"
275-->[com.github.zixpo.candybar:library:3.23.0] AndroidManifest.xml:73:13-43
276            android:theme="@style/CandyBar.Theme.Wallpaper" />
276-->[com.github.zixpo.candybar:library:3.23.0] AndroidManifest.xml:74:13-60
277
278        <service
278-->[com.github.zixpo.candybar:library:3.23.0] AndroidManifest.xml:76:9-78:44
279            android:name="candybar.lib.services.CandyBarService"
279-->[com.github.zixpo.candybar:library:3.23.0] AndroidManifest.xml:77:13-65
280            android:stopWithTask="false" />
280-->[com.github.zixpo.candybar:library:3.23.0] AndroidManifest.xml:78:13-41
281
282        <provider
282-->[androidx.work:work-runtime:2.10.5] AndroidManifest.xml:29:9-37:20
283            android:name="androidx.startup.InitializationProvider"
283-->[androidx.work:work-runtime:2.10.5] AndroidManifest.xml:30:13-67
284            android:authorities="com.mrfolium.willowicons.androidx-startup"
284-->[androidx.work:work-runtime:2.10.5] AndroidManifest.xml:31:13-68
285            android:exported="false" >
285-->[androidx.work:work-runtime:2.10.5] AndroidManifest.xml:32:13-37
286            <meta-data
286-->[androidx.work:work-runtime:2.10.5] AndroidManifest.xml:34:13-36:52
287                android:name="androidx.work.WorkManagerInitializer"
287-->[androidx.work:work-runtime:2.10.5] AndroidManifest.xml:35:17-68
288                android:value="androidx.startup" />
288-->[androidx.work:work-runtime:2.10.5] AndroidManifest.xml:36:17-49
289            <meta-data
289-->[com.squareup.okhttp3:okhttp-android:5.2.1] AndroidManifest.xml:16:13-18:52
290                android:name="okhttp3.internal.platform.PlatformInitializer"
290-->[com.squareup.okhttp3:okhttp-android:5.2.1] AndroidManifest.xml:17:17-77
291                android:value="androidx.startup" />
291-->[com.squareup.okhttp3:okhttp-android:5.2.1] AndroidManifest.xml:18:17-49
292            <meta-data
292-->[androidx.emoji2:emoji2:1.3.0] AndroidManifest.xml:29:13-31:52
293                android:name="androidx.emoji2.text.EmojiCompatInitializer"
293-->[androidx.emoji2:emoji2:1.3.0] AndroidManifest.xml:30:17-75
294                android:value="androidx.startup" />
294-->[androidx.emoji2:emoji2:1.3.0] AndroidManifest.xml:31:17-49
295            <meta-data
295-->[androidx.lifecycle:lifecycle-process:2.6.2] AndroidManifest.xml:29:13-31:52
296                android:name="androidx.lifecycle.ProcessLifecycleInitializer"
296-->[androidx.lifecycle:lifecycle-process:2.6.2] AndroidManifest.xml:30:17-78
297                android:value="androidx.startup" />
297-->[androidx.lifecycle:lifecycle-process:2.6.2] AndroidManifest.xml:31:17-49
298            <meta-data
298-->[androidx.profileinstaller:profileinstaller:1.3.1] AndroidManifest.xml:29:13-31:52
299                android:name="androidx.profileinstaller.ProfileInstallerInitializer"
299-->[androidx.profileinstaller:profileinstaller:1.3.1] AndroidManifest.xml:30:17-85
300                android:value="androidx.startup" />
300-->[androidx.profileinstaller:profileinstaller:1.3.1] AndroidManifest.xml:31:17-49
301        </provider>
302
303        <service
303-->[androidx.work:work-runtime:2.10.5] AndroidManifest.xml:39:9-45:35
304            android:name="androidx.work.impl.background.systemalarm.SystemAlarmService"
304-->[androidx.work:work-runtime:2.10.5] AndroidManifest.xml:40:13-88
305            android:directBootAware="false"
305-->[androidx.work:work-runtime:2.10.5] AndroidManifest.xml:41:13-44
306            android:enabled="@bool/enable_system_alarm_service_default"
306-->[androidx.work:work-runtime:2.10.5] AndroidManifest.xml:42:13-72
307            android:exported="false" />
307-->[androidx.work:work-runtime:2.10.5] AndroidManifest.xml:43:13-37
308        <service
308-->[androidx.work:work-runtime:2.10.5] AndroidManifest.xml:46:9-52:35
309            android:name="androidx.work.impl.background.systemjob.SystemJobService"
309-->[androidx.work:work-runtime:2.10.5] AndroidManifest.xml:47:13-84
310            android:directBootAware="false"
310-->[androidx.work:work-runtime:2.10.5] AndroidManifest.xml:48:13-44
311            android:enabled="@bool/enable_system_job_service_default"
311-->[androidx.work:work-runtime:2.10.5] AndroidManifest.xml:49:13-70
312            android:exported="true"
312-->[androidx.work:work-runtime:2.10.5] AndroidManifest.xml:50:13-36
313            android:permission="android.permission.BIND_JOB_SERVICE" />
313-->[androidx.work:work-runtime:2.10.5] AndroidManifest.xml:51:13-69
314        <service